nohup: ignoring input

> weather-news@0.0.0 start /var/node/Lab10/weather-news
> node ./bin/www

[33m
##############################################################
#
#   !!! MONGOOSE WARNING !!!
#
#   This is an UNSTABLE release of Mongoose.
#   Unstable releases are available for preview/testing only.
#   DO NOT run this in production.
#
##############################################################
[0m
[0mGET / [32m200 [0m11.404 ms - 1859[0m
[0mGET /javascripts/angularApp.js [32m200 [0m3.980 ms - 1644[0m
[0mPOST /posts [32m200 [0m35.365 ms - 83[0m
[0mPOST /posts [32m200 [0m3.836 ms - 86[0m
[0mGET /posts [32m200 [0m7.790 ms - 172[0m
[0mGET /posts [32m200 [0m2.324 ms - 172[0m
[0mGET /posts [32m200 [0m1.876 ms - 172[0m
[0mGET /posts/551525b1e8eb9af321e83cee [33m404 [0m2.901 ms - 1017[0m
[0mGET /posts [36m304 [0m1.888 ms - -[0m
[0mGET / [32m200 [0m0.979 ms - 1859[0m
[0mGET /javascripts/angularApp.js [32m200 [0m1.173 ms - 1644[0m
[0mGET / [36m304 [0m0.988 ms - -[0m
[0mGET /javascripts/angularApp.js [36m304 [0m1.051 ms - -[0m
[0mGET / [36m304 [0m0.882 ms - -[0m
[0mGET /javascripts/angularApp.js [36m304 [0m0.520 ms - -[0m
[0mGET / [36m304 [0m0.858 ms - -[0m
[0mGET /javascripts/angularApp.js [36m304 [0m0.499 ms - -[0m
[0mGET /posts [36m304 [0m1.653 ms - -[0m
[0mGET /posts [36m304 [0m1.563 ms - -[0m
[0mGET /posts [36m304 [0m1.687 ms - -[0m
[0mGET /posts [36m304 [0m1.657 ms - -[0m
